c:\users\matthew\desktop\automotivetrackingsystem\automotivetrackingsystem\debug\vc120.pdb
c:\users\matthew\desktop\automotivetrackingsystem\automotivetrackingsystem\debug\vc120.idb
c:\users\matthew\desktop\automotivetrackingsystem\automotivetrackingsystem\debug\dieselcar.obj
c:\users\matthew\desktop\automotivetrackingsystem\automotivetrackingsystem\debug\electriccar.obj
c:\users\matthew\desktop\automotivetrackingsystem\automotivetrackingsystem\debug\fuelvehicle.obj
c:\users\matthew\desktop\automotivetrackingsystem\automotivetrackingsystem\debug\gascar.obj
c:\users\matthew\desktop\automotivetrackingsystem\automotivetrackingsystem\debug\main.obj
c:\users\matthew\desktop\automotivetrackingsystem\automotivetrackingsystem\debug\vehicle.obj
c:\users\matthew\desktop\automotivetrackingsystem\debug\automotivetrackingsystem.lib
c:\users\matthew\desktop\automotivetrackingsystem\debug\automotivetrackingsystem.ilk
c:\users\matthew\desktop\automotivetrackingsystem\debug\automotivetrackingsystem.exe
c:\users\matthew\desktop\automotivetrackingsystem\debug\automotivetrackingsystem.pdb
c:\users\matthew\desktop\automotivetrackingsystem\automotivetrackingsystem\debug\automoti.16c676df.tlog\cl.command.1.tlog
c:\users\matthew\desktop\automotivetrackingsystem\automotivetrackingsystem\debug\automoti.16c676df.tlog\cl.read.1.tlog
c:\users\matthew\desktop\automotivetrackingsystem\automotivetrackingsystem\debug\automoti.16c676df.tlog\cl.write.1.tlog
c:\users\matthew\desktop\automotivetrackingsystem\automotivetrackingsystem\debug\automoti.16c676df.tlog\lib-link.read.1.tlog
c:\users\matthew\desktop\automotivetrackingsystem\automotivetrackingsystem\debug\automoti.16c676df.tlog\lib-link.write.1.tlog
c:\users\matthew\desktop\automotivetrackingsystem\automotivetrackingsystem\debug\automoti.16c676df.tlog\lib.command.1.tlog
c:\users\matthew\desktop\automotivetrackingsystem\automotivetrackingsystem\debug\automoti.16c676df.tlog\link.command.1.tlog
c:\users\matthew\desktop\automotivetrackingsystem\automotivetrackingsystem\debug\automoti.16c676df.tlog\link.read.1.tlog
c:\users\matthew\desktop\automotivetrackingsystem\automotivetrackingsystem\debug\automoti.16c676df.tlog\link.write.1.tlog
